#
# A fatal error has been detected by the Java Runtime Environment:
#
#  Internal Error (classFileParser.cpp:3494), pid=4268, tid=5076
#  Error: ShouldNotReachHere()
#
# JRE version: 6.0_37-b06
# Java VM: Java HotSpot(TM) 64-Bit Server VM (20.12-b01 mixed mode windows-amd64 compressed oops)
# If you would like to submit a bug report, please visit:
#   http://java.sun.com/webapps/bugreport/crash.jsp
#

---------------  T H R E A D  ---------------

Current thread (0x000000000053b800):  JavaThread "Unknown thread" [_thread_in_vm, id=5076, stack(0x00000000024e0000,0x00000000025e0000)]

Stack: [0x00000000024e0000,0x00000000025e0000]
[error occurred during error reporting (printing stack bounds), id 0xc0000005]


---------------  P R O C E S S  ---------------

Java Threads: ( => current thread )

Other Threads:

=>0x000000000053b800 (exited) JavaThread "Unknown thread" [_thread_in_vm, id=5076, stack(0x00000000024e0000,0x00000000025e0000)]

VM state:not at safepoint (not fully initialized)

VM Mutex/Monitor currently owned by a thread: None

Dynamic libraries:
0x0000000000400000 - 0x000000000042f000 	C:\Program Files\Java\jre6\bin\javaw.exe
0x00000000778e0000 - 0x0000000077a89000 	C:\Windows\SYSTEM32\ntdll.dll
0x00000000776c0000 - 0x00000000777df000 	C:\Windows\system32\kernel32.dll
0x000007fefd8e0000 - 0x000007fefd94b000 	C:\Windows\system32\KERNELBASE.dll
0x000007fefee90000 - 0x000007fefef6b000 	C:\Windows\system32\ADVAPI32.dll
0x000007feff6a0000 - 0x000007feff73f000 	C:\Windows\system32\msvcrt.dll
0x000007feff040000 - 0x000007feff05f000 	C:\Windows\SYSTEM32\sechost.dll
0x000007feff740000 - 0x000007feff86d000 	C:\Windows\system32\RPCRT4.dll
0x00000000777e0000 - 0x00000000778da000 	C:\Windows\system32\USER32.dll
0x000007feffab0000 - 0x000007feffb17000 	C:\Windows\system32\GDI32.dll
0x000007feff2c0000 - 0x000007feff2ce000 	C:\Windows\system32\LPK.dll
0x000007feff5d0000 - 0x000007feff699000 	C:\Windows\system32\USP10.dll
0x000007feffb20000 - 0x000007feffb4e000 	C:\Windows\system32\IMM32.DLL
0x000007fefeac0000 - 0x000007fefebc9000 	C:\Windows\system32\MSCTF.dll
0x000000006d800000 - 0x000000006dfbb000 	C:\Program Files\Java\jre6\bin\server\jvm.dll
0x000007fef73e0000 - 0x000007fef741b000 	C:\Windows\system32\WINMM.dll
0x000000006d770000 - 0x000000006d77e000 	C:\Program Files\Java\jre6\bin\verify.dll
0x000000006d3b0000 - 0x000000006d3d7000 	C:\Program Files\Java\jre6\bin\java.dll
0x000000006d7c0000 - 0x000000006d7d2000 	C:\Program Files\Java\jre6\bin\zip.dll
0x0000000077aa0000 - 0x0000000077aa7000 	C:\Windows\system32\PSAPI.DLL

VM Arguments:
jvm_args: -Dfile.encoding=UTF-8 -Xbootclasspath:D:\programy\eclipse\android-sdks\platforms\android-15\android.jar 
java_command: com.badlogic.gdx.utils.GdxBuild
Launcher Type: SUN_STANDARD

Environment Variables:
JAVA_HOME=C:\Program Files\Java\jdk1.6.0_37\bin
CLASSPATH=.;C:\Program Files (x86)\Java\jre7\lib\ext\QTJava.zip
PATH=C:\Program Files\Common Files\Microsoft Shared\Windows Live;C:\Windows\system32;C:\Windows;C:\Windows\System32\Wbem;C:\Windows\System32\WindowsPowerShell\v1.0\;C:\Program Files (x86)\ATI Technologies\ATI.ACE\Core-Static;C:\Program Files\Java\jre6\bin;C:\Program Files\TortoiseSVN\bin;D:\programy\miktex\miktex\bin\x64\;D:\programy\quicktime\QTSystem\;C:\Program Files\Common Files\Microsoft Shared\Windows Live;D:\wamp\bin\php\php5.3.10
USERNAME=philon
OS=Windows_NT
PROCESSOR_IDENTIFIER=Intel64 Family 6 Model 30 Stepping 5, GenuineIntel



---------------  S Y S T E M  ---------------

OS: Windows 7 , 64 bit Build 7601 Service Pack 1

CPU:total 8 (4 cores per cpu, 2 threads per core) family 6 model 30 stepping 5, cmov, cx8, fxsr, mmx, sse, sse2, sse3, ssse3, sse4.1, sse4.2, popcnt, ht

Memory: 4k page, physical 6214196k(3519328k free), swap 12426548k(9304096k free)

vm_info: Java HotSpot(TM) 64-Bit Server VM (20.12-b01) for windows-amd64 JRE (1.6.0_37-b06), built on Sep 24 2012 11:45:14 by "java_re" with MS VC++ 8.0 (VS2005)

time: Sat Mar 09 18:48:42 2013
elapsed time: 0 seconds

