#
# A fatal error has been detected by the Java Runtime Environment:
#
#  EXCEPTION_ACCESS_VIOLATION (0xc0000005) at pc=0x00000000697045c9, pid=4804, tid=4556
#
# JRE version: 6.0_25-b06
# Java VM: Java HotSpot(TM) 64-Bit Server VM (20.0-b11 mixed mode windows-amd64 compressed oops)
# Problematic frame:
# C  [atio6axx.dll+0x18045c9]
#
# If you would like to submit a bug report, please visit:
#   http://java.sun.com/webapps/bugreport/crash.jsp
# The crash happened outside the Java Virtual Machine in native code.
# See problematic frame for where to report the bug.
#

---------------  T H R E A D  ---------------

Current thread (0x0000000006596000):  JavaThread "Thread-4" [_thread_in_native, id=4556, stack(0x000000000d5f0000,0x000000000d6f0000)]

siginfo: ExceptionCode=0xc0000005, reading address 0x0000000000000e40

Registers:
RAX=0x0000000000000000, RBX=0x000000009c74a9a8, RCX=0x0000000000008b31, RDX=0x000000000d6eed90
RSP=0x000000000d6eec88, RBP=0x000000000d6eed58, RSI=0x000000009c924450, RDI=0x0000000002615bc2
R8 =0x0000000000008b31, R9 =0x00000000697045c0, R10=0x00000000026279b2, R11=0x000000006d9f24f0
R12=0x0000000000000000, R13=0x000000009c74a9a8, R14=0x000000000d6eed90, R15=0x0000000006596000
RIP=0x00000000697045c9, EFLAGS=0x0000000000010206

Top of Stack: (sp=0x000000000d6eec88)
0x000000000d6eec88:   000000000645899a 000000000d6eec90
0x000000000d6eec98:   000000000858f000 000000000d6eed00
0x000000000d6eeca8:   000000000d6eeca8 000000009c882a78
0x000000000d6eecb8:   00000000697045c0 000000009c887f78
0x000000000d6eecc8:   00000000026279df 00000000065961d0
0x000000000d6eecd8:   000000000d6eed90 0000000000008b31
0x000000000d6eece8:   00000000697045c0 000000000858f000
0x000000000d6eecf8:   00000000e144e688 00000000e144e708
0x000000000d6eed08:   000000000d6eed08 000000009c923171
0x000000000d6eed18:   000000000d6eed18 0000000000000000
0x000000000d6eed28:   000000000d6eed90 000000009c84c8b0
0x000000000d6eed38:   0000000000000000 000000009c74a9a8
0x000000000d6eed48:   0000000000000000 000000000d6eed78
0x000000000d6eed58:   000000000d6eedd8 0000000002615aae
0x000000000d6eed68:   0000000000000000 0000000002622cd6
0x000000000d6eed78:   00000000697045c0 000000000d6eedd8 

Instructions: (pc=0x00000000697045c9)
0x00000000697045a9:   00 00 00 00 66 66 66 66 66 66 66 0f 1f 84 00 00
0x00000000697045b9:   00 00 00 0f 1f 40 00 65 48 8b 04 25 48 16 00 00
0x00000000697045c9:   ff a0 40 0e 00 00 66 66 66 66 66 66 66 0f 1f 84
0x00000000697045d9:   00 00 00 00 00 66 66 66 66 66 66 66 0f 1f 84 00 


Register to memory mapping:

RAX=0x0000000000000000 is an unknown value
RBX=0x000000009c74a9a8 is an oop
{method} 
 - klass: {other class}
RCX=0x0000000000008b31 is an unknown value
RDX=0x000000000d6eed90 is pointing into the stack for thread: 0x0000000006596000
RSP=0x000000000d6eec88 is pointing into the stack for thread: 0x0000000006596000
RBP=0x000000000d6eed58 is pointing into the stack for thread: 0x0000000006596000
RSI=0x000000009c924450 is an oop
{instance class} 
 - klass: {other class}
RDI=0x0000000002615bc2 is an Interpreter codelet
return entry points  [0x0000000002615280, 0x0000000002616840]  5568 bytes
R8 =0x0000000000008b31 is an unknown value
R9 =0x00000000697045c0 is an unknown value
R10=0x00000000026279b2 is an Interpreter codelet
method entry point (kind = native)  [0x00000000026274c0, 0x0000000002628380]  3776 bytes
R11=0x000000006d9f24f0 is an unknown value
R12=0x0000000000000000 is an unknown value
R13=0x000000009c74a9a8 is an oop
{method} 
 - klass: {other class}
R14=0x000000000d6eed90 is pointing into the stack for thread: 0x0000000006596000
R15=0x0000000006596000 is a thread


Stack: [0x000000000d5f0000,0x000000000d6f0000],  sp=0x000000000d6eec88,  free space=1019k
Native frames: (J=compiled Java code, j=interpreted, Vv=VM code, C=native code)
C  [atio6axx.dll+0x18045c9]  atiPS+0x9fad89
j  com.sun.opengl.impl.GLImpl.glCreateShader(I)I+31
j  com.badlogic.gdx.backends.jogl.JoglGL20.glCreateShader(I)I+5
j  com.badlogic.gdx.graphics.glutils.ShaderProgram.loadShader(ILjava/lang/String;)I+17
j  com.badlogic.gdx.graphics.glutils.ShaderProgram.compileShaders(Ljava/lang/String;Ljava/lang/String;)V+5
j  com.badlogic.gdx.graphics.glutils.ShaderProgram.<init>(Ljava/lang/String;Ljava/lang/String;)V+140
j  com.badlogic.gdx.graphics.g2d.SpriteCache.createDefaultShader()Lcom/badlogic/gdx/graphics/glutils/ShaderProgram;+25
j  com.badlogic.gdx.graphics.g2d.SpriteCache.<init>(IZ)V+2
j  com.badlogic.gdx.graphics.g2d.tiled.TileMapRenderer.init([[[ILcom/badlogic/gdx/graphics/g2d/tiled/TileAtlas;IIFFLcom/badlogic/gdx/utils/IntArray;IILcom/badlogic/gdx/graphics/glutils/ShaderProgram;)V+248
j  com.badlogic.gdx.graphics.g2d.tiled.TileMapRenderer.<init>(Lcom/badlogic/gdx/graphics/g2d/tiled/TiledMap;Lcom/badlogic/gdx/graphics/g2d/tiled/TileAtlas;IIFFLcom/badlogic/gdx/graphics/glutils/ShaderProgram;)V+276
j  com.badlogic.gdx.graphics.g2d.tiled.TileMapRenderer.<init>(Lcom/badlogic/gdx/graphics/g2d/tiled/TiledMap;Lcom/badlogic/gdx/graphics/g2d/tiled/TileAtlas;IIFF)V+11
j  com.kprojekt.utils.wrappers.TileMapRendererWrapper.<init>(Lcom/kprojekt/utils/fixes/MyTiledMap;Lcom/badlogic/gdx/graphics/g2d/TextureAtlas;IIFF)V+62
j  com.kprojekt.cavemansfate.MVC.cave.view.CaveView.<init>(Lcom/kprojekt/cavemansfate/MVC/cave/controller/CaveController;Ljava/util/HashMap;Lcom/kprojekt/cavemansfate/MVC/cave/menu/Menu;)V+177
j  com.kprojekt.cavemansfate.MVC.cave.CaveManager.<init>(Ljava/lang/String;Lcom/kprojekt/cavemansfate/MVC/cave/triggersAndEvents/Events;Lcom/kprojekt/cavemansfate/MVC/cave/menu/Menu;Ljava/util/HashMap;)V+47
j  com.kprojekt.cavemansfate.core.Levels.prepareLevel(Lcom/badlogic/gdx/utils/XmlReader$Element;Ljava/util/HashMap;Lcom/kprojekt/cavemansfate/MVC/cave/menu/Menu;)Lcom/kprojekt/cavemansfate/MVC/cave/CaveManager;+26
j  com.kprojekt.cavemansfate.core.Levels.prepareLevels(Lcom/badlogic/gdx/utils/XmlReader$Element;Ljava/util/HashMap;Lcom/kprojekt/cavemansfate/MVC/cave/menu/Menu;)Ljava/util/List;+119
j  com.kprojekt.cavemansfate.core.Levels.reload()V+16
j  com.kprojekt.cavemansfate.core.Levels.<init>(Ljava/lang/String;)V+110
j  com.kprojekt.cavemansfate.core.Core.init(Ljava/lang/String;Ljava/lang/String;)V+5
j  com.kprojekt.cavemansfate.CavemansFate$CavemanLoad.run()V+15
v  ~StubRoutines::call_stub
V  [jvm.dll+0x1e9a17]

Java frames: (J=compiled Java code, j=interpreted, Vv=VM code)
j  com.sun.opengl.impl.GLImpl.dispatch_glCreateShader0(IJ)I+0
j  com.sun.opengl.impl.GLImpl.glCreateShader(I)I+31
j  com.badlogic.gdx.backends.jogl.JoglGL20.glCreateShader(I)I+5
j  com.badlogic.gdx.graphics.glutils.ShaderProgram.loadShader(ILjava/lang/String;)I+17
j  com.badlogic.gdx.graphics.glutils.ShaderProgram.compileShaders(Ljava/lang/String;Ljava/lang/String;)V+5
j  com.badlogic.gdx.graphics.glutils.ShaderProgram.<init>(Ljava/lang/String;Ljava/lang/String;)V+140
j  com.badlogic.gdx.graphics.g2d.SpriteCache.createDefaultShader()Lcom/badlogic/gdx/graphics/glutils/ShaderProgram;+25
j  com.badlogic.gdx.graphics.g2d.SpriteCache.<init>(IZ)V+2
j  com.badlogic.gdx.graphics.g2d.tiled.TileMapRenderer.init([[[ILcom/badlogic/gdx/graphics/g2d/tiled/TileAtlas;IIFFLcom/badlogic/gdx/utils/IntArray;IILcom/badlogic/gdx/graphics/glutils/ShaderProgram;)V+248
j  com.badlogic.gdx.graphics.g2d.tiled.TileMapRenderer.<init>(Lcom/badlogic/gdx/graphics/g2d/tiled/TiledMap;Lcom/badlogic/gdx/graphics/g2d/tiled/TileAtlas;IIFFLcom/badlogic/gdx/graphics/glutils/ShaderProgram;)V+276
j  com.badlogic.gdx.graphics.g2d.tiled.TileMapRenderer.<init>(Lcom/badlogic/gdx/graphics/g2d/tiled/TiledMap;Lcom/badlogic/gdx/graphics/g2d/tiled/TileAtlas;IIFF)V+11
j  com.kprojekt.utils.wrappers.TileMapRendererWrapper.<init>(Lcom/kprojekt/utils/fixes/MyTiledMap;Lcom/badlogic/gdx/graphics/g2d/TextureAtlas;IIFF)V+62
j  com.kprojekt.cavemansfate.MVC.cave.view.CaveView.<init>(Lcom/kprojekt/cavemansfate/MVC/cave/controller/CaveController;Ljava/util/HashMap;Lcom/kprojekt/cavemansfate/MVC/cave/menu/Menu;)V+177
j  com.kprojekt.cavemansfate.MVC.cave.CaveManager.<init>(Ljava/lang/String;Lcom/kprojekt/cavemansfate/MVC/cave/triggersAndEvents/Events;Lcom/kprojekt/cavemansfate/MVC/cave/menu/Menu;Ljava/util/HashMap;)V+47
j  com.kprojekt.cavemansfate.core.Levels.prepareLevel(Lcom/badlogic/gdx/utils/XmlReader$Element;Ljava/util/HashMap;Lcom/kprojekt/cavemansfate/MVC/cave/menu/Menu;)Lcom/kprojekt/cavemansfate/MVC/cave/CaveManager;+26
j  com.kprojekt.cavemansfate.core.Levels.prepareLevels(Lcom/badlogic/gdx/utils/XmlReader$Element;Ljava/util/HashMap;Lcom/kprojekt/cavemansfate/MVC/cave/menu/Menu;)Ljava/util/List;+119
j  com.kprojekt.cavemansfate.core.Levels.reload()V+16
j  com.kprojekt.cavemansfate.core.Levels.<init>(Ljava/lang/String;)V+110
j  com.kprojekt.cavemansfate.core.Core.init(Ljava/lang/String;Ljava/lang/String;)V+5
j  com.kprojekt.cavemansfate.CavemansFate$CavemanLoad.run()V+15
v  ~StubRoutines::call_stub

---------------  P R O C E S S  ---------------

Java Threads: ( => current thread )
=>0x0000000006596000 JavaThread "Thread-4" [_thread_in_native, id=4556, stack(0x000000000d5f0000,0x000000000d6f0000)]
  0x0000000006595800 JavaThread "D3D Screen Updater" daemon [_thread_blocked, id=4520, stack(0x000000000ee10000,0x000000000ef10000)]
  0x0000000006595000 JavaThread "DestroyJavaVM" [_thread_blocked, id=5036, stack(0x0000000002510000,0x0000000002610000)]
  0x0000000006594000 JavaThread "Thread-3" [_thread_blocked, id=3868, stack(0x000000000ed10000,0x000000000ee10000)]
  0x0000000006593800 JavaThread "AWT-EventQueue-0" [_thread_in_native, id=2236, stack(0x0000000008b60000,0x0000000008c60000)]
  0x0000000006592800 JavaThread "AWT-Windows" daemon [_thread_in_native, id=1704, stack(0x0000000008a60000,0x0000000008b60000)]
  0x0000000006592000 JavaThread "AWT-Shutdown" [_thread_blocked, id=3280, stack(0x0000000008960000,0x0000000008a60000)]
  0x0000000006591000 JavaThread "Java2D Disposer" daemon [_thread_blocked, id=4736, stack(0x0000000008860000,0x0000000008960000)]
  0x0000000006590800 JavaThread "Low Memory Detector" daemon [_thread_blocked, id=1828, stack(0x0000000008060000,0x0000000008160000)]
  0x000000000658b000 JavaThread "C2 CompilerThread1" daemon [_thread_blocked, id=5236, stack(0x0000000007f60000,0x0000000008060000)]
  0x0000000006589800 JavaThread "C2 CompilerThread0" daemon [_thread_in_native, id=2008, stack(0x0000000007e60000,0x0000000007f60000)]
  0x0000000006578000 JavaThread "JDWP Command Reader" daemon [_thread_in_native, id=5060, stack(0x0000000007d60000,0x0000000007e60000)]
  0x0000000006573000 JavaThread "JDWP Event Helper Thread" daemon [_thread_blocked, id=4076, stack(0x0000000007c60000,0x0000000007d60000)]
  0x0000000006560800 JavaThread "JDWP Transport Listener: dt_socket" daemon [_thread_blocked, id=3856, stack(0x0000000007b60000,0x0000000007c60000)]
  0x000000000655a800 JavaThread "Attach Listener" daemon [_thread_blocked, id=3064, stack(0x0000000007350000,0x0000000007450000)]
  0x0000000006559000 JavaThread "Signal Dispatcher" daemon [_thread_blocked, id=5568, stack(0x0000000007250000,0x0000000007350000)]
  0x0000000006508800 JavaThread "Finalizer" daemon [_thread_blocked, id=4944, stack(0x0000000007150000,0x0000000007250000)]
  0x0000000006502000 JavaThread "Reference Handler" daemon [_thread_blocked, id=5660, stack(0x0000000007050000,0x0000000007150000)]

Other Threads:
  0x00000000064f8800 VMThread [stack: 0x0000000006f50000,0x0000000007050000] [id=1212]
  0x00000000065b2800 WatcherThread [stack: 0x0000000008160000,0x0000000008260000] [id=4136]

VM state:not at safepoint (normal execution)

VM Mutex/Monitor currently owned by a thread: None

Heap
 PSYoungGen      total 28352K, used 14820K [0x00000000e0600000, 0x00000000e25a0000, 0x0000000100000000)
  eden space 24320K, 60% used [0x00000000e0600000,0x00000000e14791f0,0x00000000e1dc0000)
  from space 4032K, 0% used [0x00000000e21b0000,0x00000000e21b0000,0x00000000e25a0000)
  to   space 4032K, 0% used [0x00000000e1dc0000,0x00000000e1dc0000,0x00000000e21b0000)
 PSOldGen        total 64768K, used 0K [0x00000000a1200000, 0x00000000a5140000, 0x00000000e0600000)
  object space 64768K, 0% used [0x00000000a1200000,0x00000000a1200000,0x00000000a5140000)
 PSPermGen       total 21248K, used 14349K [0x000000009c000000, 0x000000009d4c0000, 0x00000000a1200000)
  object space 21248K, 67% used [0x000000009c000000,0x000000009ce034e8,0x000000009d4c0000)

Code Cache  [0x0000000002610000, 0x0000000002880000, 0x0000000005610000)
 total_blobs=618 nmethods=35 adapters=545 free_code_cache=49630400 largest_free_block=14144

Dynamic libraries:
0x0000000000400000 - 0x000000000042e000 	C:\Program Files\Java\jre6\bin\javaw.exe
0x0000000077570000 - 0x000000007771b000 	C:\Windows\SYSTEM32\ntdll.dll
0x0000000077350000 - 0x000000007746f000 	C:\Windows\system32\kernel32.dll
0x000007fefd790000 - 0x000007fefd7fb000 	C:\Windows\system32\KERNELBASE.dll
0x000007fefda40000 - 0x000007fefdb1b000 	C:\Windows\system32\ADVAPI32.dll
0x000007fefece0000 - 0x000007fefed7f000 	C:\Windows\system32\msvcrt.dll
0x000007fefdb20000 - 0x000007fefdb3f000 	C:\Windows\SYSTEM32\sechost.dll
0x000007feff700000 - 0x000007feff82e000 	C:\Windows\system32\RPCRT4.dll
0x0000000077470000 - 0x000000007756a000 	C:\Windows\system32\USER32.dll
0x000007fefd9d0000 - 0x000007fefda37000 	C:\Windows\system32\GDI32.dll
0x000007feff6f0000 - 0x000007feff6fe000 	C:\Windows\system32\LPK.dll
0x000007fefdb50000 - 0x000007fefdc1a000 	C:\Windows\system32\USP10.dll
0x000007fefed80000 - 0x000007fefedae000 	C:\Windows\system32\IMM32.DLL
0x000007fefd8c0000 - 0x000007fefd9c9000 	C:\Windows\system32\MSCTF.dll
0x000000006d7f0000 - 0x000000006dfa8000 	C:\Program Files\Java\jre6\bin\server\jvm.dll
0x000007fefb0b0000 - 0x000007fefb0eb000 	C:\Windows\system32\WINMM.dll
0x000000006d760000 - 0x000000006d76e000 	C:\Program Files\Java\jre6\bin\verify.dll
0x000000006d3b0000 - 0x000000006d3d7000 	C:\Program Files\Java\jre6\bin\java.dll
0x0000000077740000 - 0x0000000077747000 	C:\Windows\system32\PSAPI.DLL
0x000000006d420000 - 0x000000006d454000 	C:\Program Files\Java\jre6\bin\jdwp.dll
0x000000006d630000 - 0x000000006d638000 	C:\Program Files\Java\jre6\bin\npt.dll
0x000000006d7b0000 - 0x000000006d7c2000 	C:\Program Files\Java\jre6\bin\zip.dll
0x000000006d270000 - 0x000000006d279000 	C:\Program Files\Java\jre6\bin\dt_socket.dll
0x000007feff830000 - 0x000007feff87d000 	C:\Windows\system32\WS2_32.dll
0x000007fefdb40000 - 0x000007fefdb48000 	C:\Windows\system32\NSI.dll
0x000007fefabd0000 - 0x000007fefabe5000 	C:\Windows\system32\NLAapi.dll
0x000007fefcac0000 - 0x000007fefcb14000 	C:\Windows\System32\mswsock.dll
0x000007fefc8e0000 - 0x000007fefc93b000 	C:\Windows\system32\DNSAPI.dll
0x000007fef5370000 - 0x000007fef537b000 	C:\Windows\System32\winrnr.dll
0x000007fef5280000 - 0x000007fef5295000 	C:\Windows\system32\napinsp.dll
0x000007fef5260000 - 0x000007fef5279000 	C:\Windows\system32\pnrpnsp.dll
0x000007fef5240000 - 0x000007fef5250000 	C:\Windows\system32\wshbth.dll
0x0000000072980000 - 0x00000000729ae000 	C:\Program Files\Common Files\Microsoft Shared\Windows Live\WLIDNSP.DLL
0x000007fefefc0000 - 0x000007feff031000 	C:\Windows\system32\SHLWAPI.dll
0x000007fefa7d0000 - 0x000007fefa7f7000 	C:\Windows\system32\IPHLPAPI.DLL
0x000007fefa7c0000 - 0x000007fefa7cb000 	C:\Windows\system32\WINNSI.DLL
0x000007fefa2b0000 - 0x000007fefa303000 	C:\Windows\System32\fwpuclnt.dll
0x000007fef74e0000 - 0x000007fef74e8000 	C:\Windows\system32\rasadhlp.dll
0x000007fefbf20000 - 0x000007fefbf27000 	C:\Windows\System32\wshtcpip.dll
0x000000006d000000 - 0x000000006d1c3000 	C:\Program Files\Java\jre6\bin\awt.dll
0x000007fef9e40000 - 0x000007fef9eb0000 	C:\Windows\system32\WINSPOOL.DRV
0x000007fefedb0000 - 0x000007fefefb1000 	C:\Windows\system32\ole32.dll
0x000007fefdc20000 - 0x000007fefe9a6000 	C:\Windows\system32\SHELL32.dll
0x000007fefcc70000 - 0x000007fefce64000 	C:\Windows\WinSxS\amd64_microsoft.windows.common-controls_6595b64144ccf1df_6.0.7600.16385_none_fa645303170382f6\COMCTL32.dll
0x000007fefb390000 - 0x000007fefb3a8000 	C:\Windows\system32\DWMAPI.DLL
0x000007fefb960000 - 0x000007fefb9b6000 	C:\Windows\system32\uxtheme.dll
0x000007fefd400000 - 0x000007fefd40f000 	C:\Windows\system32\CRYPTBASE.dll
0x000000006b980000 - 0x000000006ba52000 	C:\Users\philon\AppData\Local\Temp\libgdxphilon\4129508495\gdx64.dll
0x000000006d3f0000 - 0x000000006d3f7000 	C:\Program Files\Java\jre6\bin\jawt.dll
0x0000000010000000 - 0x0000000010007000 	C:\Users\philon\AppData\Local\Temp\libgdxphilon\4129508495\gluegen-rt-win64.dll
0x00000000724c0000 - 0x0000000072589000 	C:\Windows\WinSxS\amd64_microsoft.vc80.crt_1fc8b3b9a1e18e3b_8.0.50727.6195_none_88e41e092fab0294\MSVCR80.dll
0x0000000000390000 - 0x0000000000397000 	C:\Users\philon\AppData\Local\Temp\libgdxphilon\4129508495\jogl_awt-win64.dll
0x0000000006450000 - 0x00000000064aa000 	C:\Users\philon\AppData\Local\Temp\libgdxphilon\4129508495\jogl-win64.dll
0x000007fefaee0000 - 0x000007fefaffd000 	C:\Windows\system32\OPENGL32.dll
0x000007fefaeb0000 - 0x000007fefaedd000 	C:\Windows\system32\GLU32.dll
0x000007fef4e90000 - 0x000007fef4f81000 	C:\Windows\system32\DDRAW.dll
0x000007fefb130000 - 0x000007fefb138000 	C:\Windows\system32\DCIMAN32.dll
0x000007feff340000 - 0x000007feff517000 	C:\Windows\system32\SETUPAPI.dll
0x000007fefd750000 - 0x000007fefd786000 	C:\Windows\system32\CFGMGR32.dll
0x000007fefeb30000 - 0x000007fefec07000 	C:\Windows\system32\OLEAUT32.dll
0x000007fefd730000 - 0x000007fefd74a000 	C:\Windows\system32\DEVOBJ.dll
0x000000006d2a0000 - 0x000000006d306000 	C:\Program Files\Java\jre6\bin\fontmanager.dll
0x000007fee9ea0000 - 0x000007feea09f000 	C:\Windows\system32\d3d9.dll
0x000007fefbff0000 - 0x000007fefbffc000 	C:\Windows\system32\VERSION.dll
0x000007fef1e30000 - 0x000007fef1e37000 	C:\Windows\system32\d3d8thk.dll
0x000007fef93a0000 - 0x000007fef94b2000 	C:\Windows\system32\aticfx64.dll
0x000007fef2a50000 - 0x000007fef2a6f000 	C:\Windows\system32\atiu9p64.dll
0x000007fee88b0000 - 0x000007fee8f18000 	C:\Windows\system32\atiumd64.dll
0x0000000067230000 - 0x0000000067650000 	C:\Windows\system32\atiumd6a.dll
0x0000000180000000 - 0x000000018004f000 	C:\Users\philon\AppData\Local\Temp\libgdxphilon\4129508495\lwjgl64.dll
0x0000000007510000 - 0x000000000756c000 	C:\Users\philon\AppData\Local\Temp\libgdxphilon\4129508495\OpenAL64.dll
0x000007feff2a0000 - 0x000007feff339000 	C:\Windows\system32\CLBCatQ.DLL
0x000007fefb3b0000 - 0x000007fefb3fb000 	C:\Windows\System32\MMDevApi.dll
0x000007fefb9c0000 - 0x000007fefbaec000 	C:\Windows\System32\PROPSYS.dll
0x000007fefb020000 - 0x000007fefb0a8000 	C:\Windows\system32\dsound.dll
0x000007fefbef0000 - 0x000007fefbf1c000 	C:\Windows\system32\POWRPROF.dll
0x000007fef4bc0000 - 0x000007fef4c0f000 	C:\Windows\system32\AUDIOSES.DLL
0x000007fefaa00000 - 0x000007fefaa09000 	C:\Windows\system32\atig6pxx.dll
0x0000000067f00000 - 0x000000006974f000 	C:\Windows\system32\atio6axx.dll
0x000007fefa830000 - 0x000007fefa8c1000 	C:\Windows\system32\atiadlxx.dll
0x000007fefc510000 - 0x000007fefc52e000 	C:\Windows\system32\USERENV.dll
0x000007fefd4d0000 - 0x000007fefd4df000 	C:\Windows\system32\profapi.dll
0x000007fefbfd0000 - 0x000007fefbfe1000 	C:\Windows\system32\WTSAPI32.dll
0x000007fefa820000 - 0x000007fefa829000 	C:\Windows\system32\WSOCK32.dll
0x000007fefd6f0000 - 0x000007fefd729000 	C:\Windows\system32\WINTRUST.dll
0x000007fefd580000 - 0x000007fefd6e6000 	C:\Windows\system32\CRYPT32.dll
0x000007fefd570000 - 0x000007fefd57f000 	C:\Windows\system32\MSASN1.dll
0x000007fef9260000 - 0x000007fef926e000 	C:\Windows\system32\atig6txx.dll

VM Arguments:
jvm_args: -agentlib:jdwp=transport=dt_socket,suspend=y,address=localhost:53088 -Dfile.encoding=Cp1250 
java_command: com.kprojekt.cavemansfate.CavemansFateDesktop
Launcher Type: SUN_STANDARD

Environment Variables:
PATH=C:\Program Files\Common Files\Microsoft Shared\Windows Live;C:\Program Files (x86)\AMD APP\bin\x86_64;C:\Program Files (x86)\AMD APP\bin\x86;C:\Program Files (x86)\NVIDIA Corporation\PhysX\Common;C:\Windows\system32;C:\Windows;C:\Windows\System32\Wbem;C:\Windows\System32\WindowsPowerShell\v1.0\;C:\Program Files (x86)\ATI Technologies\ATI.ACE\Core-Static;C:\Program Files\TortoiseSVN\bin;C:\Program Files\Common Files\Microsoft Shared\Windows Live;C:\Program Files (x86)\OpenVPN\bin
USERNAME=philon
OS=Windows_NT
PROCESSOR_IDENTIFIER=Intel64 Family 6 Model 30 Stepping 5, GenuineIntel



---------------  S Y S T E M  ---------------

OS: Windows 7 Build 7600 

CPU:total 8 (4 cores per cpu, 2 threads per core) family 6 model 30 stepping 5, cmov, cx8, fxsr, mmx, sse, sse2, sse3, ssse3, sse4.1, sse4.2, popcnt, ht

Memory: 4k page, physical 6214196k(3448284k free), swap 12426496k(8804548k free)

vm_info: Java HotSpot(TM) 64-Bit Server VM (20.0-b11) for windows-amd64 JRE (1.6.0_25-b06), built on Apr 14 2011 00:44:38 by "java_re" with MS VC++ 8.0 (VS2005)

time: Sat Sep 22 22:54:22 2012
elapsed time: 21 seconds

